# JRE version: OpenJDK Runtime Environment (17.0.11) (build 17.0.11+0--11852314)
# Java VM: OpenJDK 64-Bit Server VM (17.0.11+0--11852314, mixed mode, tiered, compressed oops, compressed class ptrs, g1 gc, windows-amd64)
GC Precious Log:
 CPUs: 8 total, 8 available
 Memory: 12153M
 Large Page Support: Disabled
 NUMA Support: Disabled
 Compressed Oops: Enabled (32-bit)
 Heap Region Size: 1M
 Heap Min Capacity: 8M
 Heap Initial Capacity: 190M
 Heap Max Capacity: 2G
 Pre-touch: Disabled
 Parallel Workers: 8
 Concurrent Workers: 2
 Concurrent Refinement Workers: 8
 Periodic GC: Disabled
Heap:
 garbage-first heap   total 389120K, used 132288K [0x0000000080000000, 0x0000000100000000)
  region size 1024K, 2 young (2048K), 2 survivors (2048K)
 Metaspace       used 129881K, committed 130752K, reserved 1179648K
  class space    used 17895K, committed 18304K, reserved 1048576K
GC Heap History (20 events):
Event: 22.501 GC heap after
{Heap after GC invocations=30 (full 0):
 garbage-first heap   total 389120K, used 94718K [0x0000000080000000, 0x0000000100000000)
  region size 1024K, 6 young (6144K), 6 survivors (6144K)
 Metaspace       used 99851K, committed 100608K, reserved 1179648K
  class space    used 13893K, committed 14272K, reserved 1048576K
}
Event: 26.723 GC heap before
{Heap before GC invocations=31 (full 0):
 garbage-first heap   total 342016K, used 294295K [0x0000000080000000, 0x0000000100000000)
  region size 1024K, 200 young (204800K), 6 survivors (6144K)
 Metaspace       used 107144K, committed 108032K, reserved 1179648K
  class space    used 14614K, committed 15040K, reserved 1048576K
}
Event: 26.755 GC heap after
{Heap after GC invocations=32 (full 0):
 garbage-first heap   total 342016K, used 122130K [0x0000000080000000, 0x0000000100000000)
  region size 1024K, 25 young (25600K), 25 survivors (25600K)
 Metaspace       used 107144K, committed 108032K, reserved 1179648K
  class space    used 14614K, committed 15040K, reserved 1048576K
}
Event: 26.796 GC heap before
{Heap before GC invocations=32 (full 0):
 garbage-first heap   total 342016K, used 123154K [0x0000000080000000, 0x0000000100000000)
  region size 1024K, 26 young (26624K), 25 survivors (25600K)
 Metaspace       used 107169K, committed 108032K, reserved 1179648K
  class space    used 14615K, committed 15040K, reserved 1048576K
}
Event: 26.819 GC heap after
{Heap after GC invocations=33 (full 0):
 garbage-first heap   total 342016K, used 123584K [0x0000000080000000, 0x0000000100000000)
  region size 1024K, 3 young (3072K), 3 survivors (3072K)
 Metaspace       used 107169K, committed 108032K, reserved 1179648K
  class space    used 14615K, committed 15040K, reserved 1048576K
}
Event: 29.491 GC heap before
{Heap before GC invocations=33 (full 0):
 garbage-first heap   total 342016K, used 254656K [0x0000000080000000, 0x0000000100000000)
  region size 1024K, 131 young (134144K), 3 survivors (3072K)
 Metaspace       used 108464K, committed 109248K, reserved 1179648K
  class space    used 14681K, committed 15040K, reserved 1048576K
}
Event: 29.504 GC heap after
{Heap after GC invocations=34 (full 0):
 garbage-first heap   total 342016K, used 127990K [0x0000000080000000, 0x0000000100000000)
  region size 1024K, 8 young (8192K), 8 survivors (8192K)
 Metaspace       used 108464K, committed 109248K, reserved 1179648K
  class space    used 14681K, committed 15040K, reserved 1048576K
}
Event: 30.527 GC heap before
{Heap before GC invocations=35 (full 0):
 garbage-first heap   total 342016K, used 262134K [0x0000000080000000, 0x0000000100000000)
  region size 1024K, 140 young (143360K), 8 survivors (8192K)
 Metaspace       used 109007K, committed 109824K, reserved 1179648K
  class space    used 14759K, committed 15168K, reserved 1048576K
}
Event: 30.553 GC heap after
{Heap after GC invocations=36 (full 0):
 garbage-first heap   total 342016K, used 140052K [0x0000000080000000, 0x0000000100000000)
  region size 1024K, 18 young (18432K), 18 survivors (18432K)
 Metaspace       used 109007K, committed 109824K, reserved 1179648K
  class space    used 14759K, committed 15168K, reserved 1048576K
}
Event: 30.564 GC heap before
{Heap before GC invocations=36 (full 0):
 garbage-first heap   total 342016K, used 141076K [0x0000000080000000, 0x0000000100000000)
  region size 1024K, 19 young (19456K), 18 survivors (18432K)
 Metaspace       used 109007K, committed 109824K, reserved 1179648K
  class space    used 14759K, committed 15168K, reserved 1048576K
}
Event: 30.591 GC heap after
{Heap after GC invocations=37 (full 0):
 garbage-first heap   total 342016K, used 139903K [0x0000000080000000, 0x0000000100000000)
  region size 1024K, 3 young (3072K), 3 survivors (3072K)
 Metaspace       used 109007K, committed 109824K, reserved 1179648K
  class space    used 14759K, committed 15168K, reserved 1048576K
}
Event: 32.010 GC heap before
{Heap before GC invocations=37 (full 0):
 garbage-first heap   total 342016K, used 267903K [0x0000000080000000, 0x0000000100000000)
  region size 1024K, 129 young (132096K), 3 survivors (3072K)
 Metaspace       used 120166K, committed 120960K, reserved 1179648K
  class space    used 16413K, committed 16832K, reserved 1048576K
}
Event: 32.017 GC heap after
{Heap after GC invocations=38 (full 0):
 garbage-first heap   total 342016K, used 142813K [0x0000000080000000, 0x0000000100000000)
  region size 1024K, 6 young (6144K), 6 survivors (6144K)
 Metaspace       used 120166K, committed 120960K, reserved 1179648K
  class space    used 16413K, committed 16832K, reserved 1048576K
}
Event: 33.532 GC heap before
{Heap before GC invocations=38 (full 0):
 garbage-first heap   total 342016K, used 237021K [0x0000000080000000, 0x0000000100000000)
  region size 1024K, 100 young (102400K), 6 survivors (6144K)
 Metaspace       used 127547K, committed 128320K, reserved 1179648K
  class space    used 17615K, committed 17984K, reserved 1048576K
}
Event: 33.544 GC heap after
{Heap after GC invocations=39 (full 0):
 garbage-first heap   total 342016K, used 147330K [0x0000000080000000, 0x0000000100000000)
  region size 1024K, 10 young (10240K), 10 survivors (10240K)
 Metaspace       used 127547K, committed 128320K, reserved 1179648K
  class space    used 17615K, committed 17984K, reserved 1048576K
}
Event: 129.528 GC heap before
{Heap before GC invocations=40 (full 0):
 garbage-first heap   total 342016K, used 305026K [0x0000000080000000, 0x0000000100000000)
  region size 1024K, 136 young (139264K), 10 survivors (10240K)
 Metaspace       used 129876K, committed 130752K, reserved 1179648K
  class space    used 17894K, committed 18304K, reserved 1048576K
}
Event: 129.549 GC heap after
{Heap after GC invocations=41 (full 0):
 garbage-first heap   total 342016K, used 153842K [0x0000000080000000, 0x0000000100000000)
  region size 1024K, 17 young (17408K), 17 survivors (17408K)
 Metaspace       used 129876K, committed 130752K, reserved 1179648K
  class space    used 17894K, committed 18304K, reserved 1048576K
}
Event: 129.578 GC heap before
{Heap before GC invocations=41 (full 0):
 garbage-first heap   total 342016K, used 154866K [0x0000000080000000, 0x0000000100000000)
  region size 1024K, 18 young (18432K), 17 survivors (17408K)
 Metaspace       used 129877K, committed 130752K, reserved 1179648K
  class space    used 17894K, committed 18304K, reserved 1048576K
}
Event: 129.596 GC heap after
{Heap after GC invocations=42 (full 0):
 garbage-first heap   total 342016K, used 133404K [0x0000000080000000, 0x0000000100000000)
  region size 1024K, 3 young (3072K), 3 survivors (3072K)
 Metaspace       used 129877K, committed 130752K, reserved 1179648K
  class space    used 17894K, committed 18304K, reserved 1048576K
}
Event: 129.656 GC heap before
{Heap before GC invocations=42 (full 0):
 garbage-first heap   total 342016K, used 135452K [0x0000000080000000, 0x0000000100000000)
  region size 1024K, 6 young (6144K), 3 survivors (3072K)
 Metaspace       used 129881K, committed 130752K, reserved 1179648K
  class space    used 17895K, committed 18304K, reserved 1048576K
}

