# JRE version: OpenJDK Runtime Environment (17.0.11) (build 17.0.11+0--11852314)
# Java VM: OpenJDK 64-Bit Server VM (17.0.11+0--11852314, mixed mode, tiered, compressed oops, compressed class ptrs, g1 gc, windows-amd64)
GC Precious Log:
 CPUs: 8 total, 8 available
 Memory: 12153M
 Large Page Support: Disabled
 NUMA Support: Disabled
 Compressed Oops: Enabled (32-bit)
 Heap Region Size: 1M
 Heap Min Capacity: 8M
 Heap Initial Capacity: 190M
 Heap Max Capacity: 2G
 Pre-touch: Disabled
 Parallel Workers: 8
 Concurrent Workers: 2
 Concurrent Refinement Workers: 8
 Periodic GC: Disabled
Heap:
 garbage-first heap   total 279552K, used 228494K [0x0000000080000000, 0x0000000100000000)
  region size 1024K, 76 young (77824K), 2 survivors (2048K)
 Metaspace       used 129361K, committed 130240K, reserved 1179648K
  class space    used 17859K, committed 18240K, reserved 1048576K
GC Heap History (20 events):
Event: 21.034 GC heap before
{Heap before GC invocations=43 (full 0):
 garbage-first heap   total 232448K, used 186533K [0x0000000080000000, 0x0000000100000000)
  region size 1024K, 64 young (65536K), 5 survivors (5120K)
 Metaspace       used 107625K, committed 108416K, reserved 1179648K
  class space    used 14630K, committed 15040K, reserved 1048576K
}
Event: 21.049 GC heap after
{Heap after GC invocations=44 (full 0):
 garbage-first heap   total 232448K, used 128591K [0x0000000080000000, 0x0000000100000000)
  region size 1024K, 8 young (8192K), 8 survivors (8192K)
 Metaspace       used 107625K, committed 108416K, reserved 1179648K
  class space    used 14630K, committed 15040K, reserved 1048576K
}
Event: 22.169 GC heap before
{Heap before GC invocations=44 (full 0):
 garbage-first heap   total 232448K, used 187983K [0x0000000080000000, 0x0000000100000000)
  region size 1024K, 66 young (67584K), 8 survivors (8192K)
 Metaspace       used 107985K, committed 108800K, reserved 1179648K
  class space    used 14633K, committed 15040K, reserved 1048576K
}
Event: 22.184 GC heap after
{Heap after GC invocations=45 (full 0):
 garbage-first heap   total 232448K, used 131501K [0x0000000080000000, 0x0000000100000000)
  region size 1024K, 7 young (7168K), 7 survivors (7168K)
 Metaspace       used 107985K, committed 108800K, reserved 1179648K
  class space    used 14633K, committed 15040K, reserved 1048576K
}
Event: 23.032 GC heap before
{Heap before GC invocations=45 (full 0):
 garbage-first heap   total 232448K, used 190893K [0x0000000080000000, 0x0000000100000000)
  region size 1024K, 66 young (67584K), 7 survivors (7168K)
 Metaspace       used 108636K, committed 109440K, reserved 1179648K
  class space    used 14695K, committed 15104K, reserved 1048576K
}
Event: 23.050 GC heap after
{Heap after GC invocations=46 (full 0):
 garbage-first heap   total 232448K, used 137886K [0x0000000080000000, 0x0000000100000000)
  region size 1024K, 9 young (9216K), 9 survivors (9216K)
 Metaspace       used 108636K, committed 109440K, reserved 1179648K
  class space    used 14695K, committed 15104K, reserved 1048576K
}
Event: 23.500 GC heap before
{Heap before GC invocations=46 (full 0):
 garbage-first heap   total 232448K, used 192158K [0x0000000080000000, 0x0000000100000000)
  region size 1024K, 62 young (63488K), 9 survivors (9216K)
 Metaspace       used 108914K, committed 109760K, reserved 1179648K
  class space    used 14749K, committed 15168K, reserved 1048576K
}
Event: 23.520 GC heap after
{Heap after GC invocations=47 (full 0):
 garbage-first heap   total 279552K, used 145352K [0x0000000080000000, 0x0000000100000000)
  region size 1024K, 8 young (8192K), 8 survivors (8192K)
 Metaspace       used 108914K, committed 109760K, reserved 1179648K
  class space    used 14749K, committed 15168K, reserved 1048576K
}
Event: 23.988 GC heap before
{Heap before GC invocations=47 (full 0):
 garbage-first heap   total 279552K, used 221128K [0x0000000080000000, 0x0000000100000000)
  region size 1024K, 83 young (84992K), 8 survivors (8192K)
 Metaspace       used 108965K, committed 109824K, reserved 1179648K
  class space    used 14752K, committed 15168K, reserved 1048576K
}
Event: 24.000 GC heap after
{Heap after GC invocations=48 (full 0):
 garbage-first heap   total 279552K, used 148216K [0x0000000080000000, 0x0000000100000000)
  region size 1024K, 5 young (5120K), 5 survivors (5120K)
 Metaspace       used 108965K, committed 109824K, reserved 1179648K
  class space    used 14752K, committed 15168K, reserved 1048576K
}
Event: 24.972 GC heap before
{Heap before GC invocations=48 (full 0):
 garbage-first heap   total 279552K, used 225016K [0x0000000080000000, 0x0000000100000000)
  region size 1024K, 81 young (82944K), 5 survivors (5120K)
 Metaspace       used 116055K, committed 116864K, reserved 1179648K
  class space    used 15767K, committed 16128K, reserved 1048576K
}
Event: 24.979 GC heap after
{Heap after GC invocations=49 (full 0):
 garbage-first heap   total 279552K, used 149368K [0x0000000080000000, 0x0000000100000000)
  region size 1024K, 7 young (7168K), 7 survivors (7168K)
 Metaspace       used 116055K, committed 116864K, reserved 1179648K
  class space    used 15767K, committed 16128K, reserved 1048576K
}
Event: 25.192 GC heap before
{Heap before GC invocations=49 (full 0):
 garbage-first heap   total 279552K, used 164728K [0x0000000080000000, 0x0000000100000000)
  region size 1024K, 23 young (23552K), 7 survivors (7168K)
 Metaspace       used 118074K, committed 118848K, reserved 1179648K
  class space    used 16060K, committed 16448K, reserved 1048576K
}
Event: 25.200 GC heap after
{Heap after GC invocations=50 (full 0):
 garbage-first heap   total 279552K, used 150374K [0x0000000080000000, 0x0000000100000000)
  region size 1024K, 3 young (3072K), 3 survivors (3072K)
 Metaspace       used 118074K, committed 118848K, reserved 1179648K
  class space    used 16060K, committed 16448K, reserved 1048576K
}
Event: 26.351 GC heap before
{Heap before GC invocations=51 (full 0):
 garbage-first heap   total 279552K, used 226150K [0x0000000080000000, 0x0000000100000000)
  region size 1024K, 83 young (84992K), 3 survivors (3072K)
 Metaspace       used 124674K, committed 125504K, reserved 1179648K
  class space    used 17286K, committed 17664K, reserved 1048576K
}
Event: 26.361 GC heap after
{Heap after GC invocations=52 (full 0):
 garbage-first heap   total 279552K, used 149821K [0x0000000080000000, 0x0000000100000000)
  region size 1024K, 8 young (8192K), 8 survivors (8192K)
 Metaspace       used 124674K, committed 125504K, reserved 1179648K
  class space    used 17286K, committed 17664K, reserved 1048576K
}
Event: 26.475 GC heap before
{Heap before GC invocations=52 (full 0):
 garbage-first heap   total 279552K, used 154941K [0x0000000080000000, 0x0000000100000000)
  region size 1024K, 13 young (13312K), 8 survivors (8192K)
 Metaspace       used 125039K, committed 125824K, reserved 1179648K
  class space    used 17320K, committed 17664K, reserved 1048576K
}
Event: 26.485 GC heap after
{Heap after GC invocations=53 (full 0):
 garbage-first heap   total 279552K, used 122747K [0x0000000080000000, 0x0000000100000000)
  region size 1024K, 2 young (2048K), 2 survivors (2048K)
 Metaspace       used 125039K, committed 125824K, reserved 1179648K
  class space    used 17320K, committed 17664K, reserved 1048576K
}
Event: 26.682 GC heap before
{Heap before GC invocations=53 (full 0):
 garbage-first heap   total 279552K, used 132987K [0x0000000080000000, 0x0000000100000000)
  region size 1024K, 13 young (13312K), 2 survivors (2048K)
 Metaspace       used 125485K, committed 126272K, reserved 1179648K
  class space    used 17369K, committed 17728K, reserved 1048576K
}
Event: 26.690 GC heap after
{Heap after GC invocations=54 (full 0):
 garbage-first heap   total 279552K, used 119950K [0x0000000080000000, 0x0000000100000000)
  region size 1024K, 2 young (2048K), 2 survivors (2048K)
 Metaspace       used 125485K, committed 126272K, reserved 1179648K
  class space    used 17369K, committed 17728K, reserved 1048576K
}

